<?xml version="1.0" encoding="UTF-8"?>
<!-- Generated by org.testng.reporters.JUnitXMLReporter -->
<testsuite ignored="0" hostname="AleksandrEvseev" failures="0" tests="2" name="Surefire test" time="56.55" errors="0" timestamp="28 авг. 2022 16:28:33 GMT">
  <testcase classname="google.cloud.tests.GoogleCloudSearchTest" name="canFindKeywordOnSite" time="10.126"/>
  <testcase classname="google.cloud.tests.SendEstimateByMailTest" name="estimateOnSiteIsEqualInEmail" time="25.913"/>
</testsuite> <!-- Surefire test -->
