<?xml version="1.0" encoding="UTF-8"?>
<testng-results ignored="0" total="1" passed="1" failed="0" skipped="0">
  <reporter-output>
  </reporter-output>
  <suite started-at="2022-08-29T12:52:35Z" name="Surefire suite" finished-at="2022-08-29T12:53:08Z" duration-ms="33157">
    <groups>
    </groups>
    <test started-at="2022-08-29T12:52:35Z" name="Surefire test" finished-at="2022-08-29T12:53:08Z" duration-ms="33157">
      <class name="google.cloud.tests.SendEstimateByMailTest">
        <test-method is-config="true" signature="setUp()[pri:0, instance:google.cloud.tests.SendEstimateByMailTest@1623b78d]" started-at="2022-08-29T12:52:35Z" name="setUp" finished-at="2022-08-29T12:52:47Z" duration-ms="12308" status="PASS">
          <reporter-output>
          </reporter-output>
        </test-method> <!-- setUp -->
        <test-method signature="estimateOnSiteIsEqualInEmail()[pri:0, instance:google.cloud.tests.SendEstimateByMailTest@1623b78d]" started-at="2022-08-29T12:52:47Z" name="estimateOnSiteIsEqualInEmail" finished-at="2022-08-29T12:53:08Z" duration-ms="20823" status="PASS">
          <reporter-output>
          </reporter-output>
        </test-method> <!-- estimateOnSiteIsEqualInEmail -->
      </class> <!-- google.cloud.tests.SendEstimateByMailTest -->
    </test> <!-- Surefire test -->
  </suite> <!-- Surefire suite -->
</testng-results>
