<?xml version="1.0" encoding="UTF-8"?>
<testsuite xmlns:xsi="http://www.w3.org/2001/XMLSchema-instance" xsi:noNamespaceSchemaLocation="https://maven.apache.org/surefire/maven-surefire-plugin/xsd/surefire-test-report-3.0.xsd" version="3.0" name="TestSuite" time="58.179" tests="2" errors="0" skipped="0" failures="0">
  <properties>
[...]
</properties>
  <testcase name="canFindKeywordOnSite" classname="google.cloud.tests.GoogleCloudSearchTest" time="9.999">
    <system-err><![CDATA[SLF4J: Failed to load class "org.slf4j.impl.StaticLoggerBinder".
SLF4J: Defaulting to no-operation (NOP) logger implementation
SLF4J: See http://www.slf4j.org/codes.html#StaticLoggerBinder for further details.
Starting ChromeDriver 104.0.5112.79 (3cf3e8c8a07d104b9e1260c910efb8f383285dc5-refs/branch-heads/5112@{#1307}) on port 36489
Only local connections are allowed.
Please see https://chromedriver.chromium.org/security-considerations for suggestions on keeping ChromeDriver safe.
ChromeDriver was started successfully.
авг. 28, 2022 7:27:39 PM org.openqa.selenium.remote.ProtocolHandshake createSession
INFO: Detected dialect: W3C
]]></system-err>
  </testcase>
  <testcase name="estimateOnSiteIsEqualInEmail" classname="google.cloud.tests.SendEstimateByMailTest" time="25.802">
    <system-out><![CDATA[2022-08-28 19:28:14,667 INFO  [main] google.cloud.pages.CalculatorPage.countingEstimateCost(CalculatorPage.java:123) Google Cloud Pricing Calculator Page loaded.
2022-08-28 19:28:25,071 INFO  [main] google.cloud.pages.CalculatorPage.countingEstimateCost(CalculatorPage.java:159) The Estimated Monthly Cost has calculated: 5,411.26
2022-08-28 19:28:25,254 INFO  [main] google.cloud.pages.CalculatorPage.createNewTabAndSwitchToMailPage(CalculatorPage.java:185) The free email service page has downloaded.
2022-08-28 19:28:29,085 INFO  [main] google.cloud.pages.MailPage.createRandomEmail(MailPage.java:39) Random mail [coucroibrauzouga-8103@yopmail.com] created
2022-08-28 19:28:30,330 INFO  [main] google.cloud.pages.CalculatorPage.sendEstimatesByMail(CalculatorPage.java:174) The estimated cost has been sent to email.
2022-08-28 19:28:32,472 INFO  [main] google.cloud.pages.MailPage.oneMailInbox(MailPage.java:54) The letter has been arrived.
2022-08-28 19:28:32,530 INFO  [main] google.cloud.pages.MailPage.getEstimatedCostFromMail(MailPage.java:72) The letter with estimates has been checked.
]]></system-out>
    <system-err><![CDATA[Starting ChromeDriver 104.0.5112.79 (3cf3e8c8a07d104b9e1260c910efb8f383285dc5-refs/branch-heads/5112@{#1307}) on port 4004
Only local connections are allowed.
Please see https://chromedriver.chromium.org/security-considerations for suggestions on keeping ChromeDriver safe.
ChromeDriver was started successfully.
авг. 28, 2022 7:27:59 PM org.openqa.selenium.remote.ProtocolHandshake createSession
INFO: Detected dialect: W3C
]]></system-err>
  </testcase>
</testsuite>